2026-03-09 08:26:16,878 [INFO] Starting keyword research: langs=['PL'], cluster=back-pain, min_score=2.0
2026-03-09 08:26:17,347 [INFO] [PL] Starting: 5 seeds × 9 variants = ~45 queries
2026-03-09 08:26:17,624 [INFO] HTTP Request: GET https://suggestqueries.google.com/complete/search?q=b%C3%B3l+plec%C3%B3w+praca&hl=pl&gl=pl&client=firefox "HTTP/1.1 200 OK"
2026-03-09 08:26:19,489 [INFO] HTTP Request: GET https://suggestqueries.google.com/complete/search?q=jak+b%C3%B3l+plec%C3%B3w+praca&hl=pl&gl=pl&client=firefox "HTTP/1.1 200 OK"
2026-03-09 08:26:21,156 [INFO] HTTP Request: GET https://suggestqueries.google.com/complete/search?q=co+b%C3%B3l+plec%C3%B3w+praca&hl=pl&gl=pl&client=firefox "HTTP/1.1 200 OK"
2026-03-09 08:26:23,059 [INFO] HTTP Request: GET https://suggestqueries.google.com/complete/search?q=dlaczego+b%C3%B3l+plec%C3%B3w+praca&hl=pl&gl=pl&client=firefox "HTTP/1.1 200 OK"
2026-03-09 08:26:24,983 [INFO] HTTP Request: GET https://suggestqueries.google.com/complete/search?q=ile+b%C3%B3l+plec%C3%B3w+praca&hl=pl&gl=pl&client=firefox "HTTP/1.1 200 OK"
2026-03-09 08:26:26,611 [INFO] HTTP Request: GET https://suggestqueries.google.com/complete/search?q=kiedy+b%C3%B3l+plec%C3%B3w+praca&hl=pl&gl=pl&client=firefox "HTTP/1.1 200 OK"
2026-03-09 08:26:28,621 [INFO] HTTP Request: GET https://suggestqueries.google.com/complete/search?q=czy+b%C3%B3l+plec%C3%B3w+praca&hl=pl&gl=pl&client=firefox "HTTP/1.1 200 OK"
2026-03-09 08:26:30,356 [INFO] HTTP Request: GET https://suggestqueries.google.com/complete/search?q=co+robi%C4%87+b%C3%B3l+plec%C3%B3w+praca&hl=pl&gl=pl&client=firefox "HTTP/1.1 200 OK"
2026-03-09 08:26:31,942 [INFO] HTTP Request: GET https://suggestqueries.google.com/complete/search?q=jak+unikn%C4%85%C4%87+b%C3%B3l+plec%C3%B3w+praca&hl=pl&gl=pl&client=firefox "HTTP/1.1 200 OK"
2026-03-09 08:26:33,555 [INFO] HTTP Request: GET https://suggestqueries.google.com/complete/search?q=kark+biurko&hl=pl&gl=pl&client=firefox "HTTP/1.1 200 OK"
2026-03-09 08:26:35,199 [INFO] HTTP Request: GET https://suggestqueries.google.com/complete/search?q=jak+kark+biurko&hl=pl&gl=pl&client=firefox "HTTP/1.1 200 OK"
2026-03-09 08:26:37,111 [INFO] HTTP Request: GET https://suggestqueries.google.com/complete/search?q=co+kark+biurko&hl=pl&gl=pl&client=firefox "HTTP/1.1 200 OK"
2026-03-09 08:26:38,868 [INFO] HTTP Request: GET https://suggestqueries.google.com/complete/search?q=dlaczego+kark+biurko&hl=pl&gl=pl&client=firefox "HTTP/1.1 200 OK"
2026-03-09 08:26:40,456 [INFO] HTTP Request: GET https://suggestqueries.google.com/complete/search?q=ile+kark+biurko&hl=pl&gl=pl&client=firefox "HTTP/1.1 200 OK"
2026-03-09 08:26:42,213 [INFO] HTTP Request: GET https://suggestqueries.google.com/complete/search?q=kiedy+kark+biurko&hl=pl&gl=pl&client=firefox "HTTP/1.1 200 OK"
2026-03-09 08:26:43,839 [INFO] HTTP Request: GET https://suggestqueries.google.com/complete/search?q=czy+kark+biurko&hl=pl&gl=pl&client=firefox "HTTP/1.1 200 OK"
2026-03-09 08:26:45,540 [INFO] HTTP Request: GET https://suggestqueries.google.com/complete/search?q=co+robi%C4%87+kark+biurko&hl=pl&gl=pl&client=firefox "HTTP/1.1 200 OK"
2026-03-09 08:26:47,466 [INFO] HTTP Request: GET https://suggestqueries.google.com/complete/search?q=jak+unikn%C4%85%C4%87+kark+biurko&hl=pl&gl=pl&client=firefox "HTTP/1.1 200 OK"
2026-03-09 08:26:49,290 [INFO] HTTP Request: GET https://suggestqueries.google.com/complete/search?q=kr%C4%99gos%C5%82up+siedzenie&hl=pl&gl=pl&client=firefox "HTTP/1.1 200 OK"
2026-03-09 08:26:51,196 [INFO] HTTP Request: GET https://suggestqueries.google.com/complete/search?q=jak+kr%C4%99gos%C5%82up+siedzenie&hl=pl&gl=pl&client=firefox "HTTP/1.1 200 OK"
2026-03-09 08:26:52,909 [INFO] HTTP Request: GET https://suggestqueries.google.com/complete/search?q=co+kr%C4%99gos%C5%82up+siedzenie&hl=pl&gl=pl&client=firefox "HTTP/1.1 200 OK"
2026-03-09 08:26:54,780 [INFO] HTTP Request: GET https://suggestqueries.google.com/complete/search?q=dlaczego+kr%C4%99gos%C5%82up+siedzenie&hl=pl&gl=pl&client=firefox "HTTP/1.1 200 OK"
2026-03-09 08:26:57,016 [INFO] HTTP Request: GET https://suggestqueries.google.com/complete/search?q=ile+kr%C4%99gos%C5%82up+siedzenie&hl=pl&gl=pl&client=firefox "HTTP/1.1 200 OK"
2026-03-09 08:26:58,687 [INFO] HTTP Request: GET https://suggestqueries.google.com/complete/search?q=kiedy+kr%C4%99gos%C5%82up+siedzenie&hl=pl&gl=pl&client=firefox "HTTP/1.1 200 OK"
2026-03-09 08:27:00,751 [INFO] HTTP Request: GET https://suggestqueries.google.com/complete/search?q=czy+kr%C4%99gos%C5%82up+siedzenie&hl=pl&gl=pl&client=firefox "HTTP/1.1 200 OK"
2026-03-09 08:27:02,712 [INFO] HTTP Request: GET https://suggestqueries.google.com/complete/search?q=co+robi%C4%87+kr%C4%99gos%C5%82up+siedzenie&hl=pl&gl=pl&client=firefox "HTTP/1.1 200 OK"
2026-03-09 08:27:04,588 [INFO] HTTP Request: GET https://suggestqueries.google.com/complete/search?q=jak+unikn%C4%85%C4%87+kr%C4%99gos%C5%82up+siedzenie&hl=pl&gl=pl&client=firefox "HTTP/1.1 200 OK"
2026-03-09 08:27:06,232 [INFO] HTTP Request: GET https://suggestqueries.google.com/complete/search?q=przerwa+komputer&hl=pl&gl=pl&client=firefox "HTTP/1.1 200 OK"
2026-03-09 08:27:08,035 [INFO] HTTP Request: GET https://suggestqueries.google.com/complete/search?q=jak+przerwa+komputer&hl=pl&gl=pl&client=firefox "HTTP/1.1 200 OK"
2026-03-09 08:27:09,863 [INFO] HTTP Request: GET https://suggestqueries.google.com/complete/search?q=co+przerwa+komputer&hl=pl&gl=pl&client=firefox "HTTP/1.1 200 OK"
2026-03-09 08:27:11,745 [INFO] HTTP Request: GET https://suggestqueries.google.com/complete/search?q=dlaczego+przerwa+komputer&hl=pl&gl=pl&client=firefox "HTTP/1.1 200 OK"
2026-03-09 08:27:13,798 [INFO] HTTP Request: GET https://suggestqueries.google.com/complete/search?q=ile+przerwa+komputer&hl=pl&gl=pl&client=firefox "HTTP/1.1 200 OK"
2026-03-09 08:27:15,530 [INFO] HTTP Request: GET https://suggestqueries.google.com/complete/search?q=kiedy+przerwa+komputer&hl=pl&gl=pl&client=firefox "HTTP/1.1 200 OK"
2026-03-09 08:27:17,466 [INFO] HTTP Request: GET https://suggestqueries.google.com/complete/search?q=czy+przerwa+komputer&hl=pl&gl=pl&client=firefox "HTTP/1.1 200 OK"
2026-03-09 08:27:19,096 [INFO] HTTP Request: GET https://suggestqueries.google.com/complete/search?q=co+robi%C4%87+przerwa+komputer&hl=pl&gl=pl&client=firefox "HTTP/1.1 200 OK"
2026-03-09 08:27:20,835 [INFO] HTTP Request: GET https://suggestqueries.google.com/complete/search?q=jak+unikn%C4%85%C4%87+przerwa+komputer&hl=pl&gl=pl&client=firefox "HTTP/1.1 200 OK"
2026-03-09 08:27:22,625 [INFO] HTTP Request: GET https://suggestqueries.google.com/complete/search?q=b%C3%B3l+plec%C3%B3w+od+siedzenia&hl=pl&gl=pl&client=firefox "HTTP/1.1 200 OK"
2026-03-09 08:27:24,421 [INFO] HTTP Request: GET https://suggestqueries.google.com/complete/search?q=jak+b%C3%B3l+plec%C3%B3w+od+siedzenia&hl=pl&gl=pl&client=firefox "HTTP/1.1 200 OK"
2026-03-09 08:27:26,348 [INFO] HTTP Request: GET https://suggestqueries.google.com/complete/search?q=co+b%C3%B3l+plec%C3%B3w+od+siedzenia&hl=pl&gl=pl&client=firefox "HTTP/1.1 200 OK"
2026-03-09 08:27:28,237 [INFO] HTTP Request: GET https://suggestqueries.google.com/complete/search?q=dlaczego+b%C3%B3l+plec%C3%B3w+od+siedzenia&hl=pl&gl=pl&client=firefox "HTTP/1.1 200 OK"
2026-03-09 08:27:30,123 [INFO] HTTP Request: GET https://suggestqueries.google.com/complete/search?q=ile+b%C3%B3l+plec%C3%B3w+od+siedzenia&hl=pl&gl=pl&client=firefox "HTTP/1.1 200 OK"
2026-03-09 08:27:31,906 [INFO] HTTP Request: GET https://suggestqueries.google.com/complete/search?q=kiedy+b%C3%B3l+plec%C3%B3w+od+siedzenia&hl=pl&gl=pl&client=firefox "HTTP/1.1 200 OK"
2026-03-09 08:27:33,783 [INFO] HTTP Request: GET https://suggestqueries.google.com/complete/search?q=czy+b%C3%B3l+plec%C3%B3w+od+siedzenia&hl=pl&gl=pl&client=firefox "HTTP/1.1 200 OK"
2026-03-09 08:27:35,383 [INFO] HTTP Request: GET https://suggestqueries.google.com/complete/search?q=co+robi%C4%87+b%C3%B3l+plec%C3%B3w+od+siedzenia&hl=pl&gl=pl&client=firefox "HTTP/1.1 200 OK"
2026-03-09 08:27:37,258 [INFO] HTTP Request: GET https://suggestqueries.google.com/complete/search?q=jak+unikn%C4%85%C4%87+b%C3%B3l+plec%C3%B3w+od+siedzenia&hl=pl&gl=pl&client=firefox "HTTP/1.1 200 OK"
2026-03-09 08:27:39,179 [INFO] [PL] Collected 43 unique keywords
2026-03-09 08:27:39,180 [INFO] Filtered: 43 → 42 (min_score=2.0)
2026-03-09 08:27:39,182 [INFO] Done in 82.3s — 42 keywords total
2026-03-09 08:27:39,182 [INFO]   PL: 42 keywords
2026-03-09 08:27:39,183 [INFO] JSON saved: C:\Users\jarek\projekt\healthdesk-tauri\landing\studio\tools\keywords_output.json (42 keywords)
2026-03-09 08:27:39,183 [INFO] CSV saved: C:\Users\jarek\projekt\healthdesk-tauri\landing\studio\tools\keywords_output.csv (42 keywords)
